<?xml version="1.0" ?>
<testsuites disabled="0" errors="0" failures="1" tests="1" time="123.345">
	<testsuite disabled="0" errors="0" failures="1" name="my test suite" skipped="0" tests="1" time="123.345">
		<testcase name="CopyTest" time="123.345000" classname="ReadWriteTest">
			<failure type="failure" message="FAIL"/>
			<system-out>Copying 15 bytes file:///home/efv97572/xrd-tests/TestData/tst.txt =&gt; https://ceph-svc16.gridpp.rl.ac.uk:1094//dteam:/test/tst.txt
</system-out>
		</testcase>
	</testsuite>
</testsuites>
